TN:
SF:src/internal/uuid.ts
FN:4,generateUUID
FN:8,isValidUUID
FNF:2
FNH:1
FNDA:116,generateUUID
FNDA:0,isValidUUID
DA:5,116
DA:9,0
LF:2
LH:1
BRF:0
BRH:0
end_of_record
TN:
SF:src/internal/workflow/graph/edge-endpoint.ts
FN:4,(anonymous_0)
FN:9,(anonymous_1)
FN:19,(anonymous_2)
FN:23,(anonymous_3)
FNF:4
FNH:2
FNDA:36,(anonymous_0)
FNDA:2,(anonymous_1)
FNDA:0,(anonymous_2)
FNDA:0,(anonymous_3)
DA:5,36
DA:6,36
DA:10,36
DA:11,0
DA:13,36
DA:14,0
DA:16,36
DA:20,0
DA:24,0
LF:9
LH:5
BRDA:10,0,0,0
BRDA:10,0,1,36
BRDA:10,1,0,36
BRDA:10,1,1,36
BRDA:13,2,0,0
BRDA:13,2,1,36
BRDA:13,3,0,36
BRDA:13,3,1,36
BRDA:20,4,0,0
BRDA:20,4,1,0
BRF:10
BRH:6
end_of_record
TN:
SF:src/internal/workflow/graph/edge.ts
FN:5,(anonymous_0)
FN:11,(anonymous_1)
FN:21,(anonymous_2)
FN:25,(anonymous_3)
FN:29,(anonymous_4)
FNF:5
FNH:2
FNDA:18,(anonymous_0)
FNDA:2,(anonymous_1)
FNDA:0,(anonymous_2)
FNDA:0,(anonymous_3)
FNDA:0,(anonymous_4)
DA:6,18
DA:7,18
DA:8,18
DA:12,18
DA:13,0
DA:15,18
DA:16,0
DA:18,18
DA:22,0
DA:26,0
DA:30,0
LF:11
LH:6
BRDA:12,0,0,0
BRDA:12,0,1,18
BRDA:12,1,0,18
BRDA:12,1,1,18
BRDA:15,2,0,0
BRDA:15,2,1,18
BRDA:15,3,0,18
BRDA:15,3,1,0
BRDA:22,4,0,0
BRDA:22,4,1,0
BRF:10
BRH:5
end_of_record
TN:
SF:src/internal/workflow/graph/node.ts
FN:6,(anonymous_0)
FN:16,(anonymous_1)
FN:31,(anonymous_2)
FN:41,(anonymous_3)
FN:42,(anonymous_4)
FN:47,(anonymous_5)
FN:54,(anonymous_6)
FN:55,(anonymous_7)
FN:58,(anonymous_8)
FN:59,(anonymous_9)
FN:62,(anonymous_10)
FN:64,(anonymous_11)
FN:65,(anonymous_12)
FN:69,(anonymous_13)
FN:73,(anonymous_14)
FNF:15
FNH:6
FNDA:50,(anonymous_0)
FNDA:2,(anonymous_1)
FNDA:2,(anonymous_2)
FNDA:24,(anonymous_3)
FNDA:24,(anonymous_4)
FNDA:36,(anonymous_5)
FNDA:0,(anonymous_6)
FNDA:0,(anonymous_7)
FNDA:0,(anonymous_8)
FNDA:0,(anonymous_9)
FNDA:0,(anonymous_10)
FNDA:0,(anonymous_11)
FNDA:0,(anonymous_12)
FNDA:0,(anonymous_13)
FNDA:0,(anonymous_14)
DA:7,50
DA:8,50
DA:9,50
DA:10,50
DA:25,50
DA:26,0
DA:28,50
DA:41,50
DA:42,50
DA:44,50
DA:48,36
DA:55,0
DA:59,0
DA:63,0
DA:64,0
DA:65,0
DA:70,0
DA:74,0
LF:18
LH:10
BRDA:25,0,0,0
BRDA:25,0,1,50
BRDA:25,1,0,50
BRDA:25,1,1,50
BRDA:64,2,0,0
BRDA:64,2,1,0
BRF:6
BRH:3
end_of_record
TN:
SF:src/internal/workflow/graph/port.ts
FN:4,(anonymous_0)
FN:9,(anonymous_1)
FN:19,(anonymous_2)
FN:23,(anonymous_3)
FNF:4
FNH:2
FNDA:48,(anonymous_0)
FNDA:2,(anonymous_1)
FNDA:0,(anonymous_2)
FNDA:0,(anonymous_3)
DA:5,48
DA:6,48
DA:10,48
DA:11,0
DA:13,48
DA:14,0
DA:16,48
DA:20,0
DA:24,0
LF:9
LH:5
BRDA:10,0,0,0
BRDA:10,0,1,48
BRDA:10,1,0,48
BRDA:10,1,1,48
BRDA:13,2,0,0
BRDA:13,2,1,48
BRDA:13,3,0,48
BRDA:13,3,1,48
BRDA:20,4,0,0
BRDA:20,4,1,0
BRF:10
BRH:6
end_of_record
TN:
SF:src/internal/workflow/graph/workflow-graph.ts
FN:6,(anonymous_0)
FN:11,(anonymous_1)
FN:15,(anonymous_2)
FN:19,(anonymous_3)
FN:23,(anonymous_4)
FN:24,(anonymous_5)
FN:27,(anonymous_6)
FN:28,(anonymous_7)
FN:31,(anonymous_8)
FN:32,(anonymous_9)
FN:35,(anonymous_10)
FN:36,(anonymous_11)
FN:39,(anonymous_12)
FN:40,(anonymous_13)
FN:43,(anonymous_14)
FN:54,(anonymous_15)
FN:71,(anonymous_16)
FN:99,(anonymous_17)
FN:103,(anonymous_18)
FNF:19
FNH:9
FNDA:28,(anonymous_0)
FNDA:2,(anonymous_1)
FNDA:18,(anonymous_2)
FNDA:18,(anonymous_3)
FNDA:0,(anonymous_4)
FNDA:0,(anonymous_5)
FNDA:52,(anonymous_6)
FNDA:84,(anonymous_7)
FNDA:0,(anonymous_8)
FNDA:0,(anonymous_9)
FNDA:0,(anonymous_10)
FNDA:0,(anonymous_11)
FNDA:0,(anonymous_12)
FNDA:0,(anonymous_13)
FNDA:28,(anonymous_14)
FNDA:26,(anonymous_15)
FNDA:44,(anonymous_16)
FNDA:0,(anonymous_17)
FNDA:0,(anonymous_18)
DA:7,28
DA:8,28
DA:12,28
DA:16,18
DA:20,18
DA:24,0
DA:28,84
DA:32,0
DA:36,0
DA:40,0
DA:44,28
DA:45,18
DA:46,0
DA:48,18
DA:49,0
DA:55,26
DA:57,26
DA:58,44
DA:61,26
DA:62,18
DA:63,18
DA:64,18
DA:68,26
DA:69,26
DA:71,26
DA:72,44
DA:73,44
DA:75,44
DA:76,44
DA:77,18
DA:78,16
DA:79,2
DA:81,2
DA:82,2
DA:86,40
DA:87,40
DA:90,26
DA:91,42
DA:92,28
DA:93,2
DA:100,0
DA:104,0
LF:42
LH:34
BRDA:45,0,0,0
BRDA:45,0,1,18
BRDA:48,1,0,0
BRDA:48,1,1,18
BRDA:63,2,0,18
BRDA:63,2,1,0
BRDA:75,3,0,44
BRDA:75,3,1,0
BRDA:77,4,0,16
BRDA:77,4,1,2
BRDA:78,5,0,2
BRDA:78,5,1,14
BRDA:81,6,0,2
BRDA:81,6,1,0
BRDA:91,7,0,28
BRDA:91,7,1,14
BRDA:92,8,0,2
BRDA:92,8,1,26
BRF:18
BRH:13
end_of_record
TN:
SF:src/internal/workflow/metadata/node-spec.ts
FN:2,(anonymous_0)
FN:7,(anonymous_1)
FN:17,(anonymous_2)
FN:21,(anonymous_3)
FNF:4
FNH:2
FNDA:50,(anonymous_0)
FNDA:2,(anonymous_1)
FNDA:0,(anonymous_2)
FNDA:0,(anonymous_3)
DA:3,50
DA:4,50
DA:8,50
DA:9,0
DA:11,50
DA:12,0
DA:14,50
DA:18,0
DA:22,0
LF:9
LH:5
BRDA:8,0,0,0
BRDA:8,0,1,50
BRDA:8,1,0,50
BRDA:8,1,1,50
BRDA:11,2,0,0
BRDA:11,2,1,50
BRDA:18,3,0,0
BRDA:18,3,1,0
BRF:8
BRH:4
end_of_record
TN:
SF:src/internal/workflow/metadata/workflow-metadata.ts
FN:2,(anonymous_0)
FN:9,(anonymous_1)
FN:27,(anonymous_2)
FN:31,(anonymous_3)
FNF:4
FNH:2
FNDA:32,(anonymous_0)
FNDA:2,(anonymous_1)
FNDA:0,(anonymous_2)
FNDA:0,(anonymous_3)
DA:3,32
DA:4,32
DA:5,32
DA:6,32
DA:15,32
DA:16,0
DA:18,32
DA:19,0
DA:21,32
DA:22,0
DA:24,32
DA:28,0
DA:32,0
LF:13
LH:8
BRDA:15,0,0,0
BRDA:15,0,1,32
BRDA:15,1,0,32
BRDA:15,1,1,32
BRDA:18,2,0,0
BRDA:18,2,1,32
BRDA:18,3,0,32
BRDA:18,3,1,32
BRDA:21,4,0,0
BRDA:21,4,1,32
BRDA:21,5,0,32
BRDA:21,5,1,32
BRF:12
BRH:9
end_of_record
TN:
SF:src/internal/workflow/validation/entrypoints.ts
FN:5,(anonymous_0)
FN:7,(anonymous_1)
FN:11,(anonymous_2)
FN:15,(anonymous_3)
FN:19,(anonymous_4)
FN:27,(anonymous_5)
FNF:6
FNH:4
FNDA:28,(anonymous_0)
FNDA:2,(anonymous_1)
FNDA:18,(anonymous_2)
FNDA:0,(anonymous_3)
FNDA:28,(anonymous_4)
FNDA:0,(anonymous_5)
DA:5,28
DA:8,28
DA:12,18
DA:16,0
DA:20,28
DA:21,16
DA:22,2
DA:28,0
LF:8
LH:6
BRDA:21,0,0,2
BRDA:21,0,1,14
BRF:2
BRH:2
end_of_record
TN:
SF:src/public/workflow-builder.ts
FN:36,(anonymous_0)
FN:45,(anonymous_1)
FN:49,(anonymous_2)
FN:57,(anonymous_3)
FN:58,(anonymous_4)
FN:60,(anonymous_5)
FN:68,(anonymous_6)
FN:69,(anonymous_7)
FN:74,(anonymous_8)
FN:79,(anonymous_9)
FN:86,(anonymous_10)
FN:106,(anonymous_11)
FN:110,(anonymous_12)
FNF:13
FNH:13
FNDA:16,(anonymous_0)
FNDA:1,(anonymous_1)
FNDA:25,(anonymous_2)
FNDA:12,(anonymous_3)
FNDA:12,(anonymous_4)
FNDA:24,(anonymous_5)
FNDA:11,(anonymous_6)
FNDA:14,(anonymous_7)
FNDA:21,(anonymous_8)
FNDA:9,(anonymous_9)
FNDA:9,(anonymous_10)
FNDA:8,(anonymous_11)
FNDA:14,(anonymous_12)
DA:32,16
DA:33,16
DA:34,16
DA:37,16
DA:46,16
DA:50,25
DA:52,25
DA:57,12
DA:58,12
DA:60,24
DA:63,25
DA:65,25
DA:69,14
DA:70,11
DA:71,1
DA:74,21
DA:75,10
DA:76,1
DA:79,9
DA:80,9
DA:81,0
DA:86,9
DA:87,9
DA:88,0
DA:93,9
DA:95,9
DA:101,9
DA:103,9
DA:107,8
DA:111,14
LF:30
LH:28
BRDA:70,0,0,1
BRDA:70,0,1,10
BRDA:75,1,0,1
BRDA:75,1,1,9
BRDA:80,2,0,0
BRDA:80,2,1,9
BRDA:87,3,0,0
BRDA:87,3,1,9
BRF:8
BRH:6
end_of_record
TN:
SF:src/public/workflow-definition.ts
FN:13,(anonymous_0)
FN:23,(anonymous_1)
FN:34,(anonymous_2)
FN:40,(anonymous_3)
FN:42,(anonymous_4)
FN:46,(anonymous_5)
FN:54,(anonymous_6)
FNF:7
FNH:6
FNDA:28,(anonymous_0)
FNDA:2,(anonymous_1)
FNDA:28,(anonymous_2)
FNDA:18,(anonymous_3)
FNDA:38,(anonymous_4)
FNDA:14,(anonymous_5)
FNDA:0,(anonymous_6)
DA:14,28
DA:19,28
DA:20,28
DA:29,28
DA:30,28
DA:31,28
DA:35,28
DA:36,28
DA:37,28
DA:41,18
DA:42,38
DA:46,14
DA:55,0
LF:13
LH:12
BRF:0
BRH:0
end_of_record
