TN:
SF:src/internal/uuid.ts
FN:4,generateUUID
FN:8,isValidUUID
FNF:2
FNH:1
FNDA:58,generateUUID
FNDA:0,isValidUUID
DA:1,1
DA:4,1
DA:5,58
DA:6,58
DA:8,1
DA:9,0
DA:10,0
LF:7
LH:5
BRDA:4,0,0,58
BRF:1
BRH:1
end_of_record
TN:
SF:src/internal/workflow/graph/edge-endpoint.ts
FN:4,EdgeEndpoint
FN:9,create
FN:19,equals
FN:23,toString
FNF:4
FNH:2
FNDA:18,EdgeEndpoint
FNDA:18,create
FNDA:0,equals
FNDA:0,toString
DA:3,1
DA:4,1
DA:5,18
DA:6,18
DA:7,18
DA:9,1
DA:10,18
DA:11,0
DA:12,0
DA:13,18
DA:14,0
DA:15,0
DA:16,18
DA:17,18
DA:19,1
DA:20,0
DA:21,0
DA:23,1
DA:24,0
DA:25,0
DA:26,1
LF:21
LH:13
BRDA:4,0,0,18
BRDA:9,1,0,18
BRDA:10,2,0,0
BRDA:13,3,0,0
BRF:4
BRH:2
end_of_record
TN:
SF:src/internal/workflow/graph/edge.ts
FN:5,Edge
FN:11,create
FN:21,connectsNodes
FN:25,equals
FN:29,toString
FNF:5
FNH:2
FNDA:9,Edge
FNDA:9,create
FNDA:0,connectsNodes
FNDA:0,equals
FNDA:0,toString
DA:4,1
DA:5,1
DA:6,9
DA:7,9
DA:8,9
DA:9,9
DA:11,1
DA:12,9
DA:13,0
DA:14,0
DA:15,9
DA:16,0
DA:17,0
DA:18,9
DA:19,9
DA:21,1
DA:22,0
DA:23,0
DA:25,1
DA:26,0
DA:27,0
DA:29,1
DA:30,0
DA:31,0
DA:32,1
LF:25
LH:15
BRDA:5,0,0,9
BRDA:11,1,0,9
BRDA:12,2,0,0
BRDA:15,3,0,0
BRDA:15,4,0,0
BRF:5
BRH:2
end_of_record
TN:
SF:src/internal/workflow/graph/node.ts
FN:6,Node
FN:16,create
FN:31,createWithPortNames
FN:47,get ports
FN:54,hasInputPort
FN:58,hasOutputPort
FN:62,findPort
FN:69,equals
FN:73,toString
FNF:9
FNH:4
FNDA:25,Node
FNDA:25,create
FNDA:25,createWithPortNames
FNDA:18,get ports
FNDA:0,hasInputPort
FNDA:0,hasOutputPort
FNDA:0,findPort
FNDA:0,equals
FNDA:0,toString
DA:1,1
DA:5,1
DA:6,1
DA:7,25
DA:8,25
DA:9,25
DA:10,25
DA:14,25
DA:16,1
DA:17,25
DA:18,25
DA:19,25
DA:20,25
DA:24,25
DA:25,25
DA:26,0
DA:27,0
DA:28,25
DA:29,25
DA:31,1
DA:32,25
DA:33,25
DA:34,25
DA:35,25
DA:39,25
DA:40,25
DA:41,25
DA:42,25
DA:44,25
DA:45,25
DA:47,1
DA:48,18
DA:49,18
DA:50,18
DA:51,18
DA:52,18
DA:54,1
DA:55,0
DA:56,0
DA:58,1
DA:59,0
DA:60,0
DA:62,1
DA:63,0
DA:64,0
DA:65,0
DA:67,0
DA:69,1
DA:70,0
DA:71,0
DA:73,1
DA:74,0
DA:75,0
DA:76,1
LF:54
LH:40
BRDA:6,0,0,25
BRDA:16,1,0,25
BRDA:25,2,0,0
BRDA:31,3,0,25
BRDA:41,4,0,12
BRDA:42,5,0,12
BRDA:47,6,0,18
BRF:7
BRH:6
end_of_record
TN:
SF:src/internal/workflow/graph/port.ts
FN:4,Port
FN:9,create
FN:19,equals
FN:23,toString
FNF:4
FNH:2
FNDA:24,Port
FNDA:24,create
FNDA:0,equals
FNDA:0,toString
DA:3,1
DA:4,1
DA:5,24
DA:6,24
DA:7,24
DA:9,1
DA:10,24
DA:11,0
DA:12,0
DA:13,24
DA:14,0
DA:15,0
DA:16,24
DA:17,24
DA:19,1
DA:20,0
DA:21,0
DA:23,1
DA:24,0
DA:25,0
DA:26,1
LF:21
LH:13
BRDA:4,0,0,24
BRDA:9,1,0,24
BRDA:10,2,0,0
BRDA:13,3,0,0
BRF:4
BRH:2
end_of_record
TN:
SF:src/internal/workflow/graph/workflow-graph.ts
FN:6,WorkflowGraph
FN:11,create
FN:15,get nodes
FN:19,get edges
FN:23,findNode
FN:27,hasNode
FN:31,findEdge
FN:35,getIncomingEdges
FN:39,getOutgoingEdges
FN:43,validateEdgeReferences
FN:54,validateAcyclic
FN:71,hasCycle
FN:99,get nodeCount
FN:103,get edgeCount
FNF:14
FNH:8
FNDA:14,WorkflowGraph
FNDA:14,create
FNDA:9,get nodes
FNDA:9,get edges
FNDA:0,findNode
FNDA:26,hasNode
FNDA:0,findEdge
FNDA:0,getIncomingEdges
FNDA:0,getOutgoingEdges
FNDA:14,validateEdgeReferences
FNDA:13,validateAcyclic
FNDA:22,hasCycle
FNDA:0,get nodeCount
FNDA:0,get edgeCount
DA:5,1
DA:6,1
DA:7,14
DA:8,14
DA:9,14
DA:11,1
DA:12,14
DA:13,14
DA:15,1
DA:16,9
DA:17,9
DA:19,1
DA:20,9
DA:21,9
DA:23,1
DA:24,0
DA:25,0
DA:27,1
DA:28,26
DA:29,26
DA:31,1
DA:32,0
DA:33,0
DA:35,1
DA:36,0
DA:37,0
DA:39,1
DA:40,0
DA:41,0
DA:43,1
DA:44,14
DA:45,9
DA:46,0
DA:47,0
DA:48,9
DA:49,0
DA:50,0
DA:51,9
DA:52,14
DA:54,1
DA:55,13
DA:57,13
DA:58,22
DA:59,22
DA:61,13
DA:62,9
DA:63,9
DA:64,9
DA:65,9
DA:66,9
DA:68,13
DA:69,13
DA:71,13
DA:72,22
DA:73,22
DA:75,22
DA:76,22
DA:77,9
DA:78,8
DA:79,1
DA:80,1
DA:81,9
DA:82,1
DA:83,1
DA:84,9
DA:86,20
DA:87,20
DA:88,22
DA:90,13
DA:91,21
DA:92,14
DA:93,1
DA:94,1
DA:95,14
DA:96,21
DA:97,13
DA:99,1
DA:100,0
DA:101,0
DA:103,1
DA:104,0
DA:105,0
DA:106,1
LF:83
LH:67
BRDA:6,0,0,14
BRDA:11,1,0,14
BRDA:15,2,0,9
BRDA:19,3,0,9
BRDA:27,4,0,26
BRDA:28,5,0,42
BRDA:43,6,0,14
BRDA:44,7,0,9
BRDA:45,8,0,0
BRDA:48,9,0,0
BRDA:54,10,0,13
BRDA:57,11,0,22
BRDA:61,12,0,9
BRDA:90,13,0,21
BRDA:91,14,0,14
BRDA:92,15,0,1
BRDA:96,16,0,12
BRDA:71,17,0,22
BRDA:75,18,0,0
BRDA:76,19,0,9
BRDA:77,20,0,8
BRDA:78,21,0,1
BRDA:81,22,0,1
BRDA:84,23,0,20
BRF:24
BRH:21
end_of_record
TN:
SF:src/internal/workflow/metadata/node-spec.ts
FN:2,NodeSpec
FN:7,create
FN:17,equals
FN:21,toString
FNF:4
FNH:2
FNDA:25,NodeSpec
FNDA:25,create
FNDA:0,equals
FNDA:0,toString
DA:1,1
DA:2,1
DA:3,25
DA:4,25
DA:5,25
DA:7,1
DA:8,25
DA:9,0
DA:10,0
DA:11,25
DA:12,0
DA:13,0
DA:14,25
DA:15,25
DA:17,1
DA:18,0
DA:19,0
DA:21,1
DA:22,0
DA:23,0
DA:24,1
LF:21
LH:13
BRDA:2,0,0,25
BRDA:7,1,0,25
BRDA:8,2,0,0
BRDA:11,3,0,0
BRF:4
BRH:2
end_of_record
TN:
SF:src/internal/workflow/metadata/workflow-metadata.ts
FN:2,WorkflowMetadata
FN:9,create
FN:27,withDescription
FN:31,toString
FNF:4
FNH:2
FNDA:16,WorkflowMetadata
FNDA:16,create
FNDA:0,withDescription
FNDA:0,toString
DA:1,1
DA:2,1
DA:3,16
DA:4,16
DA:5,16
DA:6,16
DA:7,16
DA:9,1
DA:10,16
DA:11,16
DA:12,16
DA:13,16
DA:14,16
DA:15,16
DA:16,0
DA:17,0
DA:18,16
DA:19,0
DA:20,0
DA:21,16
DA:22,0
DA:23,0
DA:24,16
DA:25,16
DA:27,1
DA:28,0
DA:29,0
DA:31,1
DA:32,0
DA:33,0
DA:34,1
LF:31
LH:21
BRDA:2,0,0,16
BRDA:9,1,0,16
BRDA:15,2,0,0
BRDA:18,3,0,0
BRDA:21,4,0,0
BRF:5
BRH:2
end_of_record
TN:
SF:src/internal/workflow/validation/entrypoints.ts
FN:5,Entrypoints
FN:7,create
FN:11,get entrypoints
FN:15,isEntrypoint
FN:19,validateAgainstGraph
FN:27,get count
FNF:6
FNH:4
FNDA:14,Entrypoints
FNDA:14,create
FNDA:9,get entrypoints
FNDA:0,isEntrypoint
FNDA:14,validateAgainstGraph
FNDA:0,get count
DA:4,1
DA:5,1
DA:7,1
DA:8,14
DA:9,14
DA:11,1
DA:12,9
DA:13,9
DA:15,1
DA:16,0
DA:17,0
DA:19,1
DA:20,14
DA:21,8
DA:22,1
DA:23,1
DA:24,8
DA:25,14
DA:27,1
DA:28,0
DA:29,0
DA:30,1
LF:22
LH:18
BRDA:5,0,0,14
BRDA:7,1,0,14
BRDA:11,2,0,9
BRDA:19,3,0,14
BRDA:20,4,0,8
BRDA:21,5,0,1
BRDA:24,6,0,13
BRF:7
BRH:7
end_of_record
TN:
SF:src/internal/workflow/validation/validation-result.ts
FN:1,(empty-report)
FNF:1
FNH:0
FNDA:0,(empty-report)
DA:1,0
DA:2,0
DA:3,0
DA:4,0
DA:5,0
DA:7,0
DA:8,0
DA:9,0
DA:11,0
DA:12,0
DA:13,0
DA:14,0
DA:15,0
DA:16,0
DA:18,0
DA:19,0
DA:20,0
DA:22,0
DA:23,0
DA:24,0
DA:26,0
DA:27,0
DA:28,0
DA:30,0
DA:31,0
DA:32,0
DA:33,0
DA:34,0
DA:35,0
DA:36,0
LF:30
LH:0
BRDA:1,0,0,0
BRF:1
BRH:0
end_of_record
TN:
SF:src/public/index.ts
FN:1,(empty-report)
FNF:1
FNH:0
FNDA:0,(empty-report)
DA:1,0
LF:1
LH:0
BRDA:1,0,0,0
BRF:1
BRH:0
end_of_record
TN:
SF:src/public/workflow-builder.ts
FN:31,<instance_members_initializer>
FN:36,WorkflowBuilder
FN:45,init
FN:49,addNode
FN:68,connect
FN:106,setEntrypoints
FN:110,build
FNF:7
FNH:7
FNDA:16,<instance_members_initializer>
FNDA:16,WorkflowBuilder
FNDA:16,init
FNDA:25,addNode
FNDA:11,connect
FNDA:8,setEntrypoints
FNDA:14,build
DA:1,1
DA:30,1
DA:31,1
DA:32,16
DA:33,16
DA:34,16
DA:36,1
DA:37,16
DA:38,16
DA:39,16
DA:40,16
DA:41,16
DA:42,16
DA:43,16
DA:45,1
DA:46,16
DA:47,16
DA:49,1
DA:50,25
DA:52,25
DA:53,25
DA:54,25
DA:55,25
DA:56,25
DA:57,25
DA:58,25
DA:59,25
DA:60,25
DA:61,25
DA:63,25
DA:65,25
DA:66,25
DA:68,1
DA:69,11
DA:70,11
DA:71,1
DA:72,1
DA:74,10
DA:75,11
DA:76,1
DA:77,1
DA:79,9
DA:80,11
DA:81,0
DA:82,0
DA:83,0
DA:84,0
DA:86,9
DA:87,11
DA:88,0
DA:89,0
DA:90,0
DA:91,0
DA:93,9
DA:95,9
DA:96,9
DA:97,9
DA:98,9
DA:99,9
DA:101,9
DA:103,9
DA:104,11
DA:106,1
DA:107,8
DA:108,8
DA:110,1
DA:111,14
DA:112,14
DA:113,1
LF:69
LH:61
BRDA:31,0,0,16
BRDA:36,1,0,16
BRDA:45,2,0,16
BRDA:49,3,0,25
BRDA:57,4,0,12
BRDA:58,5,0,12
BRDA:60,6,0,24
BRDA:68,7,0,11
BRDA:70,8,0,1
BRDA:72,9,0,10
BRDA:75,10,0,1
BRDA:77,11,0,9
BRDA:80,12,0,0
BRDA:84,13,0,9
BRDA:87,14,0,0
BRDA:91,15,0,9
BRDA:69,16,0,14
BRDA:74,17,0,21
BRDA:79,18,0,9
BRDA:86,19,0,9
BRDA:106,20,0,8
BRDA:110,21,0,14
BRF:22
BRH:20
end_of_record
TN:
SF:src/public/workflow-definition.ts
FN:13,WorkflowDefinition
FN:23,create
FN:34,validate
FN:40,getGraphStructure
FN:54,toString
FNF:5
FNH:4
FNDA:14,WorkflowDefinition
FNDA:14,create
FNDA:14,validate
FNDA:9,getGraphStructure
FNDA:0,toString
DA:1,1
DA:9,1
DA:10,1
DA:11,1
DA:13,1
DA:14,14
DA:15,14
DA:16,14
DA:17,14
DA:18,14
DA:19,14
DA:20,14
DA:21,14
DA:23,1
DA:24,14
DA:25,14
DA:26,14
DA:27,14
DA:28,14
DA:29,14
DA:30,14
DA:31,14
DA:32,14
DA:34,1
DA:35,14
DA:36,14
DA:37,14
DA:38,14
DA:40,1
DA:41,9
DA:42,9
DA:43,19
DA:44,19
DA:45,9
DA:46,9
DA:47,7
DA:48,7
DA:49,9
DA:50,9
DA:51,9
DA:52,9
DA:54,1
DA:55,0
DA:56,0
DA:57,1
LF:45
LH:43
BRDA:13,0,0,14
BRDA:23,1,0,14
BRDA:34,2,0,14
BRDA:40,3,0,9
BRDA:42,4,0,19
BRDA:46,5,0,7
BRF:6
BRH:6
end_of_record
TN:
SF:src/public/types/graph-structure.ts
FN:1,(empty-report)
FNF:1
FNH:1
FNDA:1,(empty-report)
LF:0
LH:0
BRDA:1,0,0,1
BRF:1
BRH:1
end_of_record
TN:
SF:src/public/types/uuid.ts
FN:1,(empty-report)
FNF:1
FNH:1
FNDA:1,(empty-report)
LF:0
LH:0
BRDA:1,0,0,1
BRF:1
BRH:1
end_of_record
