TN:
SF:src/internal/node-type.ts
FN:6,(anonymous_0)
FN:15,(anonymous_1)
FN:19,(anonymous_2)
FNF:3
FNH:2
FNDA:14,(anonymous_0)
FNDA:14,(anonymous_1)
FNDA:0,(anonymous_2)
DA:1,2
DA:7,14
DA:8,2
DA:12,12
DA:16,14
DA:20,0
LF:6
LH:5
BRDA:7,0,0,2
BRDA:7,0,1,12
BRF:2
BRH:2
end_of_record
TN:
SF:src/internal/node.ts
FN:11,(anonymous_0)
FNF:1
FNH:1
FNDA:14,(anonymous_0)
DA:12,14
DA:13,14
DA:14,14
DA:15,14
DA:16,14
LF:5
LH:5
BRF:0
BRH:0
end_of_record
TN:
SF:src/public/node-registry.ts
FN:7,(anonymous_0)
FN:18,(anonymous_1)
FN:22,(anonymous_2)
FNF:3
FNH:3
FNDA:14,(anonymous_0)
FNDA:4,(anonymous_1)
FNDA:4,(anonymous_2)
DA:5,14
DA:8,14
DA:9,14
DA:11,14
DA:12,2
DA:15,10
DA:19,4
DA:23,4
DA:24,4
DA:25,2
DA:28,2
LF:11
LH:11
BRDA:11,0,0,2
BRDA:11,0,1,12
BRDA:24,1,0,2
BRDA:24,1,1,2
BRF:4
BRH:4
end_of_record
