TN:
SF:packages/workflow-core/src/internal/uuid.ts
FN:4,generateUUID
FNF:1
FNH:1
FNDA:71,generateUUID
DA:5,71
LF:1
LH:1
BRF:0
BRH:0
end_of_record
TN:
SF:packages/workflow-core/src/internal/workflow/graph/edge-endpoint.ts
FN:4,(anonymous_0)
FN:9,(anonymous_1)
FNF:2
FNH:2
FNDA:20,(anonymous_0)
FNDA:2,(anonymous_1)
DA:5,20
DA:6,20
DA:10,20
DA:11,0
DA:13,20
DA:14,0
DA:16,20
LF:7
LH:5
BRDA:10,0,0,0
BRDA:10,0,1,20
BRDA:10,1,0,20
BRDA:10,1,1,20
BRDA:13,2,0,0
BRDA:13,2,1,20
BRDA:13,3,0,20
BRDA:13,3,1,20
BRF:8
BRH:6
end_of_record
TN:
SF:packages/workflow-core/src/internal/workflow/graph/edge.ts
FN:5,(anonymous_0)
FN:11,(anonymous_1)
FNF:2
FNH:2
FNDA:10,(anonymous_0)
FNDA:2,(anonymous_1)
DA:6,10
DA:7,10
DA:8,10
DA:12,10
DA:13,0
DA:15,10
DA:16,0
DA:18,10
LF:8
LH:6
BRDA:12,0,0,0
BRDA:12,0,1,10
BRDA:12,1,0,10
BRDA:12,1,1,10
BRDA:15,2,0,0
BRDA:15,2,1,10
BRDA:15,3,0,10
BRDA:15,3,1,0
BRF:8
BRH:5
end_of_record
TN:
SF:packages/workflow-core/src/internal/workflow/graph/node.ts
FN:6,(anonymous_0)
FN:16,(anonymous_1)
FN:31,(anonymous_2)
FN:41,(anonymous_3)
FN:42,(anonymous_4)
FN:47,(anonymous_5)
FNF:6
FNH:6
FNDA:30,(anonymous_0)
FNDA:2,(anonymous_1)
FNDA:2,(anonymous_2)
FNDA:15,(anonymous_3)
FNDA:16,(anonymous_4)
FNDA:22,(anonymous_5)
DA:7,30
DA:8,30
DA:9,30
DA:10,30
DA:25,30
DA:26,0
DA:28,30
DA:41,30
DA:42,30
DA:44,30
DA:48,22
LF:11
LH:10
BRDA:25,0,0,0
BRDA:25,0,1,30
BRDA:25,1,0,30
BRDA:25,1,1,30
BRF:4
BRH:3
end_of_record
TN:
SF:packages/workflow-core/src/internal/workflow/graph/port.ts
FN:4,(anonymous_0)
FN:9,(anonymous_1)
FNF:2
FNH:2
FNDA:31,(anonymous_0)
FNDA:2,(anonymous_1)
DA:5,31
DA:6,31
DA:10,31
DA:11,0
DA:13,31
DA:14,0
DA:16,31
LF:7
LH:5
BRDA:10,0,0,0
BRDA:10,0,1,31
BRDA:10,1,0,31
BRDA:10,1,1,31
BRDA:13,2,0,0
BRDA:13,2,1,31
BRDA:13,3,0,31
BRDA:13,3,1,31
BRF:8
BRH:6
end_of_record
TN:
SF:packages/workflow-core/src/internal/workflow/graph/workflow-graph.ts
FN:6,(anonymous_0)
FN:11,(anonymous_1)
FN:15,(anonymous_2)
FN:19,(anonymous_3)
FN:23,(anonymous_4)
FN:24,(anonymous_5)
FN:27,(anonymous_6)
FN:28,(anonymous_7)
FN:31,(anonymous_8)
FN:42,(anonymous_9)
FN:59,(anonymous_10)
FNF:11
FNH:9
FNDA:19,(anonymous_0)
FNDA:2,(anonymous_1)
FNDA:30,(anonymous_2)
FNDA:13,(anonymous_3)
FNDA:0,(anonymous_4)
FNDA:0,(anonymous_5)
FNDA:30,(anonymous_6)
FNDA:47,(anonymous_7)
FNDA:19,(anonymous_8)
FNDA:18,(anonymous_9)
FNDA:27,(anonymous_10)
DA:7,19
DA:8,19
DA:12,19
DA:16,30
DA:20,13
DA:24,0
DA:28,47
DA:32,19
DA:33,10
DA:34,0
DA:36,10
DA:37,0
DA:43,18
DA:45,18
DA:46,27
DA:49,18
DA:50,10
DA:51,10
DA:52,10
DA:56,18
DA:57,18
DA:59,18
DA:60,27
DA:61,27
DA:63,27
DA:64,27
DA:65,10
DA:66,9
DA:67,1
DA:69,1
DA:70,1
DA:74,25
DA:75,25
DA:78,18
DA:79,26
DA:80,18
DA:81,1
LF:37
LH:34
BRDA:33,0,0,0
BRDA:33,0,1,10
BRDA:36,1,0,0
BRDA:36,1,1,10
BRDA:51,2,0,10
BRDA:51,2,1,0
BRDA:63,3,0,27
BRDA:63,3,1,0
BRDA:65,4,0,9
BRDA:65,4,1,1
BRDA:66,5,0,1
BRDA:66,5,1,8
BRDA:69,6,0,1
BRDA:69,6,1,0
BRDA:79,7,0,18
BRDA:79,7,1,8
BRDA:80,8,0,1
BRDA:80,8,1,17
BRF:18
BRH:13
end_of_record
TN:
SF:packages/workflow-core/src/internal/workflow/metadata/node-spec.ts
FN:2,(anonymous_0)
FN:7,(anonymous_1)
FNF:2
FNH:2
FNDA:30,(anonymous_0)
FNDA:2,(anonymous_1)
DA:3,30
DA:4,30
DA:8,30
DA:9,0
DA:11,30
DA:12,0
DA:14,30
LF:7
LH:5
BRDA:8,0,0,0
BRDA:8,0,1,30
BRDA:8,1,0,30
BRDA:8,1,1,30
BRDA:11,2,0,0
BRDA:11,2,1,30
BRF:6
BRH:4
end_of_record
TN:
SF:packages/workflow-core/src/internal/workflow/metadata/workflow-metadata.ts
FN:2,(anonymous_0)
FN:9,(anonymous_1)
FNF:2
FNH:2
FNDA:21,(anonymous_0)
FNDA:2,(anonymous_1)
DA:3,21
DA:4,21
DA:5,21
DA:6,21
DA:15,21
DA:16,0
DA:18,21
DA:19,0
DA:21,21
DA:22,0
DA:24,21
LF:11
LH:8
BRDA:15,0,0,0
BRDA:15,0,1,21
BRDA:15,1,0,21
BRDA:15,1,1,21
BRDA:18,2,0,0
BRDA:18,2,1,21
BRDA:18,3,0,21
BRDA:18,3,1,21
BRDA:21,4,0,0
BRDA:21,4,1,21
BRDA:21,5,0,21
BRDA:21,5,1,21
BRF:12
BRH:9
end_of_record
TN:
SF:packages/workflow-core/src/internal/workflow/validation/entrypoints.ts
FN:5,(anonymous_0)
FN:7,(anonymous_1)
FN:11,(anonymous_2)
FN:15,(anonymous_3)
FNF:4
FNH:4
FNDA:19,(anonymous_0)
FNDA:2,(anonymous_1)
FNDA:13,(anonymous_2)
FNDA:19,(anonymous_3)
DA:5,19
DA:8,19
DA:12,13
DA:16,19
DA:17,10
DA:18,1
LF:6
LH:6
BRDA:17,0,0,1
BRDA:17,0,1,9
BRF:2
BRH:2
end_of_record
TN:
SF:packages/workflow-core/src/public/index.ts
FNF:0
FNH:0
LF:0
LH:0
BRF:0
BRH:0
end_of_record
TN:
SF:packages/workflow-core/src/public/workflow-builder.ts
FN:37,(anonymous_0)
FN:46,(anonymous_1)
FN:50,(anonymous_2)
FN:58,(anonymous_3)
FN:59,(anonymous_4)
FN:61,(anonymous_5)
FN:69,(anonymous_6)
FN:70,(anonymous_7)
FN:75,(anonymous_8)
FN:80,(anonymous_9)
FN:87,(anonymous_10)
FN:107,(anonymous_11)
FN:111,(anonymous_12)
FNF:13
FNH:13
FNDA:21,(anonymous_0)
FNDA:2,(anonymous_1)
FNDA:30,(anonymous_2)
FNDA:15,(anonymous_3)
FNDA:16,(anonymous_4)
FNDA:31,(anonymous_5)
FNDA:12,(anonymous_6)
FNDA:15,(anonymous_7)
FNDA:23,(anonymous_8)
FNDA:10,(anonymous_9)
FNDA:10,(anonymous_10)
FNDA:10,(anonymous_11)
FNDA:19,(anonymous_12)
DA:33,21
DA:34,21
DA:35,21
DA:38,21
DA:47,21
DA:51,30
DA:53,30
DA:58,15
DA:59,16
DA:61,31
DA:64,30
DA:66,30
DA:70,15
DA:71,12
DA:72,1
DA:75,23
DA:76,11
DA:77,1
DA:80,10
DA:81,10
DA:82,0
DA:87,10
DA:88,10
DA:89,0
DA:94,10
DA:96,10
DA:102,10
DA:104,10
DA:108,10
DA:112,19
LF:30
LH:28
BRDA:71,0,0,1
BRDA:71,0,1,11
BRDA:76,1,0,1
BRDA:76,1,1,10
BRDA:81,2,0,0
BRDA:81,2,1,10
BRDA:88,3,0,0
BRDA:88,3,1,10
BRF:8
BRH:6
end_of_record
TN:
SF:packages/workflow-core/src/public/workflow-definition.ts
FN:16,(anonymous_0)
FN:28,(anonymous_1)
FN:40,(anonymous_2)
FN:47,(anonymous_3)
FN:55,(anonymous_4)
FN:64,(anonymous_5)
FN:66,(anonymous_6)
FN:70,(anonymous_7)
FNF:8
FNH:8
FNDA:19,(anonymous_0)
FNDA:2,(anonymous_1)
FNDA:19,(anonymous_2)
FNDA:17,(anonymous_3)
FNDA:4,(anonymous_4)
FNDA:9,(anonymous_5)
FNDA:19,(anonymous_6)
FNDA:7,(anonymous_7)
DA:17,19
DA:23,19
DA:24,19
DA:25,19
DA:35,19
DA:36,19
DA:37,19
DA:41,19
DA:42,19
DA:43,19
DA:44,19
DA:48,17
DA:49,25
DA:50,1
DA:56,4
DA:65,9
DA:66,19
DA:70,7
LF:18
LH:18
BRDA:49,0,0,1
BRDA:49,0,1,24
BRF:2
BRH:2
end_of_record
TN:
SF:packages/workflow-core/src/public/workflow-iterator.ts
FN:19,(anonymous_0)
FN:26,(anonymous_1)
FN:52,(anonymous_2)
FN:56,(anonymous_3)
FN:58,(anonymous_4)
FN:62,(anonymous_5)
FN:67,(anonymous_6)
FN:73,(anonymous_7)
FN:77,(anonymous_8)
FN:80,(anonymous_9)
FN:88,(anonymous_10)
FN:93,(anonymous_11)
FN:98,(anonymous_12)
FNF:13
FNH:13
FNDA:4,(anonymous_0)
FNDA:7,(anonymous_1)
FNDA:3,(anonymous_2)
FNDA:7,(anonymous_3)
FNDA:3,(anonymous_4)
FNDA:5,(anonymous_5)
FNDA:1,(anonymous_6)
FNDA:1,(anonymous_7)
FNDA:3,(anonymous_8)
FNDA:2,(anonymous_9)
FNDA:1,(anonymous_10)
FNDA:1,(anonymous_11)
FNDA:1,(anonymous_12)
DA:16,4
DA:17,4
DA:20,4
DA:21,4
DA:22,4
DA:23,4
DA:27,7
DA:28,7
DA:29,4
DA:32,3
DA:34,3
DA:36,3
DA:37,0
DA:40,3
DA:42,3
DA:53,3
DA:57,7
DA:58,4
DA:59,4
DA:62,3
DA:63,5
DA:64,4
DA:67,1
DA:69,1
DA:70,0
DA:73,1
DA:78,3
DA:80,3
DA:82,3
DA:83,1
DA:84,1
DA:85,0
DA:88,1
DA:89,1
DA:90,0
DA:93,1
DA:94,1
DA:95,0
DA:98,1
DA:99,1
DA:100,0
DA:103,1
DA:104,1
DA:105,1
DA:109,3
LF:45
LH:39
BRDA:28,0,0,4
BRDA:28,0,1,3
BRDA:36,1,0,0
BRDA:36,1,1,3
BRDA:57,2,0,4
BRDA:57,2,1,3
BRDA:63,3,0,4
BRDA:63,3,1,1
BRDA:69,4,0,0
BRDA:69,4,1,1
BRDA:84,5,0,0
BRDA:84,5,1,1
BRDA:89,6,0,0
BRDA:89,6,1,1
BRDA:94,7,0,0
BRDA:94,7,1,1
BRDA:99,8,0,0
BRDA:99,8,1,1
BRDA:104,9,0,1
BRDA:104,9,1,0
BRF:20
BRH:13
end_of_record
TN:
SF:packages/workflow-executor/src/public/workflow-executor.ts
FN:6,(anonymous_0)
FN:8,(anonymous_1)
FNF:2
FNH:2
FNDA:4,(anonymous_0)
FNDA:4,(anonymous_1)
DA:6,4
DA:9,4
DA:10,4
DA:13,4
DA:14,4
DA:15,3
DA:16,3
DA:17,5
DA:20,3
DA:21,3
DA:22,3
DA:24,3
DA:27,4
DA:32,0
LF:14
LH:13
BRDA:34,0,0,0
BRDA:34,0,1,0
BRF:2
BRH:0
end_of_record
TN:
SF:packages/workflow-nodes-console-logger/src/console-logger.ts
FN:17,(anonymous_0)
FNF:1
FNH:1
FNDA:4,(anonymous_0)
DA:3,1
DA:18,4
DA:19,4
DA:20,4
LF:4
LH:4
BRDA:18,0,0,4
BRDA:18,0,1,1
BRF:2
BRH:2
end_of_record
TN:
SF:packages/workflow-nodes-trigger-execution/src/trigger-execution.ts
FN:15,(anonymous_0)
FNF:1
FNH:1
FNDA:3,(anonymous_0)
DA:3,1
DA:16,3
LF:2
LH:2
BRF:0
BRH:0
end_of_record
TN:
SF:packages/workflow-registry/src/internal/node-type.ts
FN:7,(anonymous_0)
FN:17,(anonymous_1)
FN:21,(anonymous_2)
FNF:3
FNH:2
FNDA:33,(anonymous_0)
FNDA:32,(anonymous_1)
FNDA:0,(anonymous_2)
DA:1,3
DA:8,33
DA:9,1
DA:13,32
DA:14,32
DA:18,32
DA:22,0
LF:7
LH:6
BRDA:8,0,0,1
BRDA:8,0,1,32
BRDA:22,1,0,0
BRDA:22,1,1,0
BRF:4
BRH:2
end_of_record
TN:
SF:packages/workflow-registry/src/internal/node.ts
FN:11,(anonymous_0)
FNF:1
FNH:1
FNDA:33,(anonymous_0)
DA:12,33
DA:13,33
DA:14,33
DA:15,33
DA:16,33
LF:5
LH:5
BRF:0
BRH:0
end_of_record
TN:
SF:packages/workflow-registry/src/public/index.ts
FNF:0
FNH:0
LF:0
LH:0
BRF:0
BRH:0
end_of_record
TN:
SF:packages/workflow-registry/src/public/node-registry.ts
FN:7,(anonymous_0)
FN:18,(anonymous_1)
FN:22,(anonymous_2)
FNF:3
FNH:3
FNDA:33,(anonymous_0)
FNDA:2,(anonymous_1)
FNDA:30,(anonymous_2)
DA:5,26
DA:8,33
DA:9,33
DA:11,33
DA:12,1
DA:15,31
DA:19,2
DA:23,30
DA:24,30
DA:25,30
DA:26,2
DA:29,28
LF:12
LH:12
BRDA:11,0,0,1
BRDA:11,0,1,32
BRDA:25,1,0,2
BRDA:25,1,1,28
BRF:4
BRH:4
end_of_record
